[2024-02-22T06:09:16.702Z] aaaaaa
[2024-02-22T06:09:20.558Z] aaaa
[2024-02-22T06:09:26.184Z] aaaaaaaaaaaaaaa
[2024-02-22T06:09:27.776Z] 
[2024-02-22T06:09:31.551Z] aaaaaaaaaaaaaaaaaaaaa
[2024-02-22T06:09:33.508Z] aaaaaaaaaaaaaa
[2024-02-22T06:09:35.035Z] aaaaaaaaaaaa
[2024-02-22T06:09:35.479Z] a
[2024-02-22T06:09:35.946Z] a
[2024-02-22T06:12:36.327Z] bbb
[2024-02-22T06:12:38.872Z] bbbbbbb
[2024-02-22T06:12:41.632Z] bbbbbbbbbb
[2024-02-22T06:12:43.330Z] bbbbbbbbbbbb
[2024-02-22T06:12:46.968Z] bbbbbbbbbbbbbb
[2024-02-22T06:12:48.738Z] bbbbbbbbbbbbbbbbbb
[2024-02-22T06:12:50.498Z] bbbbbbbbbbbbbbbbbbbbbb
[2024-02-22T06:12:52.386Z] bbbbbbbbbbbbbbbbbbbbbbbbbb
[2024-02-22T06:12:54.453Z] bbbbbbbbbbbbbbbbbbbbbbbbbbbbb
[2024-02-22T06:48:01.753Z] ьььььььь
[2024-02-22T06:48:03.710Z] бббббб
[2024-02-22T06:48:04.752Z] боллрлролр
