2024-03-07T06:26:05.817Z - GET /
2024-03-07T06:26:05.905Z - GET /style2.css
2024-03-07T06:26:06.154Z - GET /favicon.ico
2024-03-07T06:26:17.428Z - GET /home.html
2024-03-07T06:26:25.618Z - GET /contact.html
2024-03-07T06:27:35.631Z - GET /contact.html
2024-03-07T06:36:42.863Z - GET /
2024-03-07T06:36:45.212Z - GET /
2024-03-07T06:40:20.448Z - GET /
2024-03-07T06:40:20.499Z - GET /style2.css
2024-03-07T06:40:24.011Z - GET /home.html
2024-03-07T06:40:24.091Z - GET /style2.css
2024-03-07T06:40:26.406Z - GET /home.html
2024-03-07T06:40:26.460Z - GET /style2.css
2024-03-07T06:40:28.084Z - GET /contact.html
2024-03-07T06:40:28.159Z - GET /style2.css
2024-03-07T06:40:29.953Z - GET /contact.html
2024-03-07T06:40:30.027Z - GET /style2.css
2024-03-07T06:40:35.042Z - GET /contact.html
2024-03-07T06:40:35.100Z - GET /style2.css
2024-03-07T06:40:37.294Z - GET /index.html
2024-03-07T06:40:37.375Z - GET /style2.css
2024-03-07T06:40:39.774Z - GET /contact.html
2024-03-07T06:40:39.849Z - GET /style2.css
2024-03-07T06:40:45.205Z - GET /contact.html
2024-03-07T06:40:45.286Z - GET /style2.css
2024-03-07T06:41:21.486Z - GET /contact.html
2024-03-07T06:41:21.560Z - GET /style2.css
2024-03-07T06:56:01.306Z - GET /contact.html
2024-03-07T06:56:01.374Z - GET /style2.css
2024-03-07T06:56:58.369Z - GET /contact.html
2024-03-07T06:56:58.430Z - GET /style2.css
2024-03-17T16:57:10.171Z - GET /
2024-03-17T16:57:10.197Z - GET /style2.css
2024-03-17T16:57:13.124Z - GET /services.html
2024-03-17T16:57:13.161Z - GET /style2.css
2024-03-17T16:57:13.719Z - GET /contact.html
2024-03-17T16:57:13.752Z - GET /style2.css
2024-03-17T16:57:14.189Z - GET /index.html
2024-03-17T16:57:14.227Z - GET /style2.css
2024-03-17T16:57:14.596Z - GET /contact.html
2024-03-17T16:57:14.629Z - GET /style2.css
2024-03-17T16:57:15.109Z - GET /index.html
2024-03-17T16:57:15.142Z - GET /style2.css
2024-03-17T16:57:15.589Z - GET /contact.html
2024-03-17T16:57:15.621Z - GET /style2.css
2024-03-18T09:03:44.950Z - GET /
2024-03-18T09:03:45.047Z - GET /style2.css
2024-03-18T09:03:49.591Z - GET /services.html
2024-03-18T09:03:49.684Z - GET /style2.css
2024-03-18T09:03:50.785Z - GET /index.html
2024-03-18T09:03:50.878Z - GET /style2.css
2024-03-18T09:03:52.399Z - GET /contact.html
2024-03-18T09:03:52.475Z - GET /style2.css
2024-03-18T09:03:53.323Z - GET /index.html
2024-03-18T09:03:53.405Z - GET /style2.css
2024-03-22T07:43:27.168Z - GET /contact.html
2024-03-22T07:43:27.224Z - GET /style2.css
2024-03-22T07:44:30.990Z - GET /index.html
2024-03-22T07:44:31.041Z - GET /style2.css
2024-03-22T07:45:17.583Z - GET /services.html
2024-03-22T07:45:17.640Z - GET /style2.css
2024-03-22T07:45:52.690Z - GET /contact.html
2024-03-22T07:45:52.742Z - GET /style2.css
